============================= test session starts =============================
platform win32 -- Python 3.11.9, pytest-9.0.1, pluggy-1.6.0
rootdir: C:\Users\Jussara Thomaz\Documents\VERTIV_V6_GLOBAL
plugins: anyio-4.12.0, locust-2.42.6, asyncio-1.3.0
asyncio: mode=Mode.STRICT, debug=False, asyncio_default_fixture_loop_scope=None, asyncio_default_test_loop_scope=function
collected 0 items / 1 error

=================================== ERRORS ====================================
________ ERROR collecting apps/backend/tests/test_financial_engine.py _________
ImportError while importing test module 'C:\Users\Jussara Thomaz\Documents\VERTIV_V6_GLOBAL\apps\backend\tests\test_financial_engine.py'.
Hint: make sure your test modules/packages have valid Python names.
Traceback:
..\..\AppData\Local\Programs\Python\Python311\Lib\importlib\__init__.py:126: in import_module
    return _bootstrap._gcd_import(name[level:], package, level)
           ^^^^^^^^^^^^^^^^^^^^^^^^^^^^^^^^^^^^^^^^^^^^^^^^^^^^
apps\backend\tests\test_financial_engine.py:2: in <module>
    from apps.backend.src.engine.cashflow import CashFlowEngine
E   ModuleNotFoundError: No module named 'apps'
=========================== short test summary info ===========================
ERROR apps/backend/tests/test_financial_engine.py
!!!!!!!!!!!!!!!!!!! Interrupted: 1 error during collection !!!!!!!!!!!!!!!!!!!!
============================== 1 error in 0.38s ===============================
